0 info it worked if it ends with ok
1 verbose cli [ '/Users/dvanbrunt/.nvm/v0.10.35/bin/node',
1 verbose cli   '/Users/dvanbrunt/.nvm/v0.10.35/bin/npm',
1 verbose cli   'install',
1 verbose cli   '--save-dev',
1 verbose cli   'node-dateformat' ]
2 info using npm@1.4.28
3 info using node@v0.10.35
4 warn package.json gscheduler@0.0.0 No description
5 warn package.json gscheduler@0.0.0 No repository field.
6 verbose readDependencies using package.json deps
7 verbose cache add [ 'node-dateformat', null ]
8 verbose cache add name=undefined spec="node-dateformat" args=["node-dateformat",null]
9 verbose parsed url { protocol: null,
9 verbose parsed url   slashes: null,
9 verbose parsed url   auth: null,
9 verbose parsed url   host: null,
9 verbose parsed url   port: null,
9 verbose parsed url   hostname: null,
9 verbose parsed url   hash: null,
9 verbose parsed url   search: null,
9 verbose parsed url   query: null,
9 verbose parsed url   pathname: 'node-dateformat',
9 verbose parsed url   path: 'node-dateformat',
9 verbose parsed url   href: 'node-dateformat' }
10 silly lockFile ae18376f-node-dateformat node-dateformat
11 verbose lock node-dateformat /Users/dvanbrunt/.npm/ae18376f-node-dateformat.lock
12 silly lockFile ae18376f-node-dateformat node-dateformat
13 silly lockFile ae18376f-node-dateformat node-dateformat
14 verbose addNamed [ 'node-dateformat', '' ]
15 verbose addNamed [ null, '*' ]
16 silly lockFile 1ae90ada-node-dateformat node-dateformat@
17 verbose lock node-dateformat@ /Users/dvanbrunt/.npm/1ae90ada-node-dateformat.lock
18 silly addNameRange { name: 'node-dateformat', range: '*', hasData: false }
19 verbose request where is /node-dateformat
20 verbose request registry https://registry.npmjs.org/
21 verbose request id b67669456a3b9003
22 verbose url raw /node-dateformat
23 verbose url resolving [ 'https://registry.npmjs.org/', './node-dateformat' ]
24 verbose url resolved https://registry.npmjs.org/node-dateformat
25 verbose request where is https://registry.npmjs.org/node-dateformat
26 info trying registry request attempt 1 at 12:33:53
27 http GET https://registry.npmjs.org/node-dateformat
28 http 404 https://registry.npmjs.org/node-dateformat
29 verbose headers { date: 'Sun, 08 Feb 2015 17:33:54 GMT',
29 verbose headers   server: 'CouchDB/1.5.0 (Erlang OTP/R16B03)',
29 verbose headers   'content-type': 'application/json',
29 verbose headers   'cache-control': 'max-age=0',
29 verbose headers   'content-length': '52',
29 verbose headers   'accept-ranges': 'bytes',
29 verbose headers   via: '1.1 varnish',
29 verbose headers   age: '0',
29 verbose headers   'x-served-by': 'cache-dfw1825-DFW',
29 verbose headers   'x-cache': 'MISS',
29 verbose headers   'x-cache-hits': '0',
29 verbose headers   'x-timer': 'S1423416833.861237,VS0,VE254',
29 verbose headers   'keep-alive': 'timeout=10, max=50',
29 verbose headers   connection: 'Keep-Alive' }
30 silly registry.get cb [ 404,
30 silly registry.get   { date: 'Sun, 08 Feb 2015 17:33:54 GMT',
30 silly registry.get     server: 'CouchDB/1.5.0 (Erlang OTP/R16B03)',
30 silly registry.get     'content-type': 'application/json',
30 silly registry.get     'cache-control': 'max-age=0',
30 silly registry.get     'content-length': '52',
30 silly registry.get     'accept-ranges': 'bytes',
30 silly registry.get     via: '1.1 varnish',
30 silly registry.get     age: '0',
30 silly registry.get     'x-served-by': 'cache-dfw1825-DFW',
30 silly registry.get     'x-cache': 'MISS',
30 silly registry.get     'x-cache-hits': '0',
30 silly registry.get     'x-timer': 'S1423416833.861237,VS0,VE254',
30 silly registry.get     'keep-alive': 'timeout=10, max=50',
30 silly registry.get     connection: 'Keep-Alive' } ]
31 silly lockFile 1ae90ada-node-dateformat node-dateformat@
32 silly lockFile 1ae90ada-node-dateformat node-dateformat@
33 error 404 404 Not Found: node-dateformat
33 error 404
33 error 404 'node-dateformat' is not in the npm registry.
33 error 404 You should bug the author to publish it
33 error 404 It was specified as a dependency of 'gscheduler'
33 error 404
33 error 404 Maybe try 'npm search dateformat'
33 error 404
33 error 404 Note that you can also install from a
33 error 404 tarball, folder, or http url, or git url.
34 error System Darwin 14.1.0
35 error command "/Users/dvanbrunt/.nvm/v0.10.35/bin/node" "/Users/dvanbrunt/.nvm/v0.10.35/bin/npm" "install" "--save-dev" "node-dateformat"
36 error cwd /Users/dvanbrunt/Projects/chrome-gscheduler
37 error node -v v0.10.35
38 error npm -v 1.4.28
39 error code E404
40 verbose exit [ 1, true ]
